Using pre-set license
Built from '2020.3/staging' branch; Version is '2020.3.5f1 (8095aa901b9b) revision 8426922'; Using compiler version '192528614'; Build Type 'Release'
OS: 'Windows 10 Education; OS build 19044.1288; Version 2009; 64bit' Language: 'en' Physical Memory: 32617 MB
BatchMode: 1, IsHumanControllingUs: 0, StartBugReporterOnCrash: 0, Is64bit: 1, IsPro: 0

 COMMAND LINE ARGUMENTS:
C:\Program Files\Unity\Hub\Editor\2020.3.5f1\Editor\Unity.exe
-adb2
-batchMode
-noUpm
-name
AssetImportWorker0
-projectPath
C:/Users/s214666/GitHubRepos/CSGO-Maps/de_laneway
-logFile
Logs/AssetImportWorker0.log
-srvPort
53006
Successfully changed project path to: C:/Users/s214666/GitHubRepos/CSGO-Maps/de_laneway
C:/Users/s214666/GitHubRepos/CSGO-Maps/de_laneway
Using Asset Import Pipeline V2.
Refreshing native plugins compatible for Editor in 17.90 ms, found 0 plugins.
Preloading 0 native plugins for Editor in 0.00 ms.
Initialize engine version: 2020.3.5f1 (8095aa901b9b)
[Subsystems] Discovering subsystems at path C:/Program Files/Unity/Hub/Editor/2020.3.5f1/Editor/Data/Resources/UnitySubsystems
[Subsystems] Discovering subsystems at path C:/Users/s214666/GitHubRepos/CSGO-Maps/de_laneway/Assets
GfxDevice: creating device client; threaded=0
Direct3D:
    Version:  Direct3D 11.0 [level 11.1]
    Renderer: NVIDIA GeForce RTX 3060 Ti (ID=0x2489)
    Vendor:   
    VRAM:     8050 MB
    Driver:   30.0.14.9676
Initialize mono
Mono path[0] = 'C:/Program Files/Unity/Hub/Editor/2020.3.5f1/Editor/Data/Managed'
Mono path[1] = 'C:/Program Files/Unity/Hub/Editor/2020.3.5f1/Editor/Data/MonoBleedingEdge/lib/mono/unityjit'
Mono config path = 'C:/Program Files/Unity/Hub/Editor/2020.3.5f1/Editor/Data/MonoBleedingEdge/etc'
Using monoOptions --debugger-agent=transport=dt_socket,embedding=1,server=y,suspend=n,address=127.0.0.1:56976
Begin MonoManager ReloadAssembly
Registering precompiled unity dll's ...
Register platform support module: C:/Program Files/Unity/Hub/Editor/2020.3.5f1/Editor/Data/PlaybackEngines/WebGLSupport/UnityEditor.WebGL.Extensions.dll
Register platform support module: C:/Program Files/Unity/Hub/Editor/2020.3.5f1/Editor/Data/PlaybackEngines/WindowsStandaloneSupport/UnityEditor.WindowsStandalone.Extensions.dll
Registered in 0.001730 seconds.
Native extension for WindowsStandalone target not found
Native extension for WebGL target not found
Refreshing native plugins compatible for Editor in 17.86 ms, found 0 plugins.
Preloading 0 native plugins for Editor in 0.00 ms.
Mono: successfully reloaded assembly
- Completed reload, in  1.512 seconds
Platform modules already initialized, skipping
Registering precompiled user dll's ...
Registered in 0.000548 seconds.
Begin MonoManager ReloadAssembly
Native extension for WindowsStandalone target not found
Native extension for WebGL target not found
Refreshing native plugins compatible for Editor in 0.20 ms, found 0 plugins.
Preloading 0 native plugins for Editor in 0.00 ms.
Mono: successfully reloaded assembly
- Completed reload, in  0.606 seconds
Platform modules already initialized, skipping
========================================================================
Worker process is ready to serve import requests
Launched and connected shader compiler UnityShaderCompiler.exe after 0.02 seconds
Refreshing native plugins compatible for Editor in 0.18 ms, found 0 plugins.
Preloading 0 native plugins for Editor in 0.00 ms.
Unloading 1120 Unused Serialized files (Serialized files now loaded: 0)
System memory in use before: 57.2 MB.
System memory in use after: 57.3 MB.

Unloading 10 unused Assets to reduce memory usage. Loaded Objects now: 1562.
Total: 1.514800 ms (FindLiveObjects: 0.108300 ms CreateObjectMapping: 0.032100 ms MarkObjects: 1.317100 ms  DeleteObjects: 0.056600 ms)

========================================================================
Received Import Request.
  path: Assets/Scenes/SampleScene.unity
  artifactKey: Guid(9fc0d4010bbf28b4594072e72b8655ab) Importer(815301076,1909f56bfc062723c751e8b465ee728b)
Start importing Assets/Scenes/SampleScene.unity using Guid(9fc0d4010bbf28b4594072e72b8655ab) Importer(815301076,1909f56bfc062723c751e8b465ee728b)  -> (artifact id: '02a2e40e81d35f9ada7821be9923d9eb') in 0.011281 seconds
  Import took 0.012696 seconds .

========================================================================
Received Import Request.
  Time since last request: 4.817476 seconds.
  path: Assets/AFPC/Scenes
  artifactKey: Guid(930f86a1a321c4e6796c21325b1176c6) Importer(815301076,1909f56bfc062723c751e8b465ee728b)
Start importing Assets/AFPC/Scenes using Guid(930f86a1a321c4e6796c21325b1176c6) Importer(815301076,1909f56bfc062723c751e8b465ee728b)  -> (artifact id: 'd65d40e4396530364857ee3543f22fee') in 0.004921 seconds
  Import took 0.006525 seconds .

========================================================================
Received Import Request.
  Time since last request: 0.632811 seconds.
  path: Assets/AFPC/Scenes/AFPC Overview.unity
  artifactKey: Guid(9475068ea321d473ca9c7f0de73eb2b0) Importer(815301076,1909f56bfc062723c751e8b465ee728b)
Start importing Assets/AFPC/Scenes/AFPC Overview.unity using Guid(9475068ea321d473ca9c7f0de73eb2b0) Importer(815301076,1909f56bfc062723c751e8b465ee728b)  -> (artifact id: 'b6beae71ab5efdbd53a397953c53b789') in 0.004691 seconds
  Import took 0.006200 seconds .

========================================================================
Received Prepare
Registering precompiled user dll's ...
Registered in 0.000988 seconds.
Begin MonoManager ReloadAssembly
Native extension for WindowsStandalone target not found
Native extension for WebGL target not found
Refreshing native plugins compatible for Editor in 0.25 ms, found 0 plugins.
Preloading 0 native plugins for Editor in 0.00 ms.
Mono: successfully reloaded assembly
- Completed reload, in  0.601 seconds
Platform modules already initialized, skipping
Refreshing native plugins compatible for Editor in 0.24 ms, found 0 plugins.
Preloading 0 native plugins for Editor in 0.00 ms.
Unloading 1489 Unused Serialized files (Serialized files now loaded: 0)
System memory in use before: 73.8 MB.
System memory in use after: 71.2 MB.

Unloading 41 unused Assets to reduce memory usage. Loaded Objects now: 1904.
Total: 2.896200 ms (FindLiveObjects: 0.216600 ms CreateObjectMapping: 0.082300 ms MarkObjects: 1.314900 ms  DeleteObjects: 1.281300 ms)

========================================================================
Received Import Request.
  Time since last request: 159.544847 seconds.
  path: Assets/AFPC/Resources/Materials
  artifactKey: Guid(6d6ca1d1c7da3494ebe26ffb95c74b04) Importer(815301076,1909f56bfc062723c751e8b465ee728b)
Start importing Assets/AFPC/Resources/Materials using Guid(6d6ca1d1c7da3494ebe26ffb95c74b04) Importer(815301076,1909f56bfc062723c751e8b465ee728b)  -> (artifact id: 'c174061cc1529074341c1e40ceb9b5a1') in 0.007212 seconds
  Import took 0.009276 seconds .

========================================================================
Received Import Request.
  Time since last request: 0.046291 seconds.
  path: Assets/AFPC/Resources/Materials/Blue.mat
  artifactKey: Guid(091e6e299e12044e39a606e3c76a59c9) Importer(815301076,1909f56bfc062723c751e8b465ee728b)
Start importing Assets/AFPC/Resources/Materials/Blue.mat using Guid(091e6e299e12044e39a606e3c76a59c9) Importer(815301076,1909f56bfc062723c751e8b465ee728b)  -> (artifact id: 'a2793ac2becbb6dd0793c103b473381e') in 0.073148 seconds
  Import took 0.075146 seconds .

========================================================================
Received Import Request.
  Time since last request: 0.000111 seconds.
  path: Assets/AFPC/Resources/Materials/Gray.mat
  artifactKey: Guid(efa2c318ddd3b4856bf8625a236dc1d9) Importer(815301076,1909f56bfc062723c751e8b465ee728b)
Start importing Assets/AFPC/Resources/Materials/Gray.mat using Guid(efa2c318ddd3b4856bf8625a236dc1d9) Importer(815301076,1909f56bfc062723c751e8b465ee728b)  -> (artifact id: '5e1c7fcea65d8939c83ee427a7acde31') in 0.009215 seconds
  Import took 0.011090 seconds .

========================================================================
Received Import Request.
  Time since last request: 0.000186 seconds.
  path: Assets/AFPC/Resources/Materials/Green.mat
  artifactKey: Guid(a4cbb2c0d0a85479997948e09bc91a6e) Importer(815301076,1909f56bfc062723c751e8b465ee728b)
Start importing Assets/AFPC/Resources/Materials/Green.mat using Guid(a4cbb2c0d0a85479997948e09bc91a6e) Importer(815301076,1909f56bfc062723c751e8b465ee728b)  -> (artifact id: '366a3dff12f498ab2e36daaed55272de') in 0.009738 seconds
  Import took 0.011648 seconds .

========================================================================
Received Import Request.
  Time since last request: 0.000118 seconds.
  path: Assets/AFPC/Resources/Materials/Purple.mat
  artifactKey: Guid(7f2c23c42a28a466d925db7582aa7272) Importer(815301076,1909f56bfc062723c751e8b465ee728b)
Start importing Assets/AFPC/Resources/Materials/Purple.mat using Guid(7f2c23c42a28a466d925db7582aa7272) Importer(815301076,1909f56bfc062723c751e8b465ee728b)  -> (artifact id: '84e2b38ef5d9d7da0b7df31ec2a23fa5') in 0.009073 seconds
  Import took 0.010985 seconds .

========================================================================
Received Import Request.
  Time since last request: 0.000130 seconds.
  path: Assets/AFPC/Resources/Materials/Skybox.mat
  artifactKey: Guid(fd04d12eb6cdc47f4ae63c19580c11bd) Importer(815301076,1909f56bfc062723c751e8b465ee728b)
Start importing Assets/AFPC/Resources/Materials/Skybox.mat using Guid(fd04d12eb6cdc47f4ae63c19580c11bd) Importer(815301076,1909f56bfc062723c751e8b465ee728b)  -> (artifact id: '58294da725b1e824361525dcdf3c9ea8') in 0.011667 seconds
  Import took 0.013641 seconds .

========================================================================
Received Prepare
Registering precompiled user dll's ...
Registered in 0.000600 seconds.
Begin MonoManager ReloadAssembly
Native extension for WindowsStandalone target not found
Native extension for WebGL target not found
Refreshing native plugins compatible for Editor in 0.24 ms, found 0 plugins.
Preloading 0 native plugins for Editor in 0.00 ms.
Mono: successfully reloaded assembly
- Completed reload, in  0.610 seconds
Platform modules already initialized, skipping
Refreshing native plugins compatible for Editor in 0.24 ms, found 0 plugins.
Preloading 0 native plugins for Editor in 0.00 ms.
Unloading 1488 Unused Serialized files (Serialized files now loaded: 0)
System memory in use before: 77.1 MB.
System memory in use after: 74.5 MB.

Unloading 42 unused Assets to reduce memory usage. Loaded Objects now: 1947.
Total: 2.642700 ms (FindLiveObjects: 0.149100 ms CreateObjectMapping: 0.043500 ms MarkObjects: 1.130600 ms  DeleteObjects: 1.318700 ms)

========================================================================
Received Import Request.
  Time since last request: 115.080049 seconds.
  path: Assets/AFPC/Resources/Prefabs/Block_00.prefab
  artifactKey: Guid(925619d3d033c4377b938a880918bbb7) Importer(815301076,1909f56bfc062723c751e8b465ee728b)
Start importing Assets/AFPC/Resources/Prefabs/Block_00.prefab using Guid(925619d3d033c4377b938a880918bbb7) Importer(815301076,1909f56bfc062723c751e8b465ee728b)  -> (artifact id: 'bebdf6d5af9a56f073fa36af50dda732') in 0.046279 seconds
  Import took 0.048456 seconds .

========================================================================
Received Import Request.
  Time since last request: 0.000132 seconds.
  path: Assets/AFPC/Resources/Prefabs/Block_04.prefab
  artifactKey: Guid(221d2934039b946deaa1f1b298a6212a) Importer(815301076,1909f56bfc062723c751e8b465ee728b)
Start importing Assets/AFPC/Resources/Prefabs/Block_04.prefab using Guid(221d2934039b946deaa1f1b298a6212a) Importer(815301076,1909f56bfc062723c751e8b465ee728b)  -> (artifact id: '8f16fe96ae52651e759fb793619ad2c9') in 0.008673 seconds
  Import took 0.010646 seconds .

========================================================================
Received Import Request.
  Time since last request: 0.000136 seconds.
  path: Assets/AFPC/Resources/Prefabs/Block_02.prefab
  artifactKey: Guid(de40522614f614981b93e79d5607880a) Importer(815301076,1909f56bfc062723c751e8b465ee728b)
Start importing Assets/AFPC/Resources/Prefabs/Block_02.prefab using Guid(de40522614f614981b93e79d5607880a) Importer(815301076,1909f56bfc062723c751e8b465ee728b)  -> (artifact id: '6021c522f035c07490de1c42fae5e7d5') in 0.008656 seconds
  Import took 0.010626 seconds .

========================================================================
Received Import Request.
  Time since last request: 0.000117 seconds.
  path: Assets/AFPC/Resources/Prefabs/Block_03.prefab
  artifactKey: Guid(25ace0e920cdf4dd48e145ab0341a52f) Importer(815301076,1909f56bfc062723c751e8b465ee728b)
Start importing Assets/AFPC/Resources/Prefabs/Block_03.prefab using Guid(25ace0e920cdf4dd48e145ab0341a52f) Importer(815301076,1909f56bfc062723c751e8b465ee728b)  -> (artifact id: '5d7a2a858d3124bac19cf73e0c0b2e69') in 0.009957 seconds
  Import took 0.011931 seconds .

========================================================================
Received Import Request.
  Time since last request: 0.000121 seconds.
  path: Assets/AFPC/Resources/Prefabs/Block_01.prefab
  artifactKey: Guid(d25bbdb71c6e44f26a589cf3d08fd9a4) Importer(815301076,1909f56bfc062723c751e8b465ee728b)
Start importing Assets/AFPC/Resources/Prefabs/Block_01.prefab using Guid(d25bbdb71c6e44f26a589cf3d08fd9a4) Importer(815301076,1909f56bfc062723c751e8b465ee728b)  -> (artifact id: '142d54c9e1efd90fd44cafc41359df2f') in 0.009381 seconds
  Import took 0.011770 seconds .

========================================================================
Received Import Request.
  Time since last request: 0.000148 seconds.
  path: Assets/AFPC/Resources/Prefabs/Block_05.prefab
  artifactKey: Guid(b5daaf6ebdac54bdf8f8ab4bf75b60a4) Importer(815301076,1909f56bfc062723c751e8b465ee728b)
Start importing Assets/AFPC/Resources/Prefabs/Block_05.prefab using Guid(b5daaf6ebdac54bdf8f8ab4bf75b60a4) Importer(815301076,1909f56bfc062723c751e8b465ee728b)  -> (artifact id: '07ccbb824f53b96d3d85d8c00f6b94f9') in 0.010193 seconds
  Import took 0.012663 seconds .

========================================================================
Received Import Request.
  Time since last request: 0.000146 seconds.
  path: Assets/AFPC/Resources/Prefabs/Hero.prefab
  artifactKey: Guid(dec06b7a15916437297e6e8968a07e4f) Importer(815301076,1909f56bfc062723c751e8b465ee728b)
Start importing Assets/AFPC/Resources/Prefabs/Hero.prefab using Guid(dec06b7a15916437297e6e8968a07e4f) Importer(815301076,1909f56bfc062723c751e8b465ee728b)  -> (artifact id: 'c548a22b515bc0d89cd7991045793ae8') in 0.007590 seconds
  Import took 0.009744 seconds .

========================================================================
Received Import Request.
  Time since last request: 16.982375 seconds.
  path: Assets/AFPC/csgoskin.fbx
  artifactKey: Guid(0379417c867d507419fb51463bd267e2) Importer(815301076,1909f56bfc062723c751e8b465ee728b)
Start importing Assets/AFPC/csgoskin.fbx using Guid(0379417c867d507419fb51463bd267e2) Importer(815301076,1909f56bfc062723c751e8b465ee728b)  -> (artifact id: 'fab06ec7031e5e7176e1e13452fab247') in 0.051102 seconds
  Import took 0.053440 seconds .

========================================================================
Received Import Request.
  Time since last request: 6.134911 seconds.
  path: Assets/AFPC/csgoskin.fbx
  artifactKey: Guid(0379417c867d507419fb51463bd267e2) Importer(815301076,1909f56bfc062723c751e8b465ee728b)
Start importing Assets/AFPC/csgoskin.fbx using Guid(0379417c867d507419fb51463bd267e2) Importer(815301076,1909f56bfc062723c751e8b465ee728b)  -> (artifact id: '1dddd0a15af95b53bd4895ca43168ca6') in 0.020151 seconds
  Import took 0.022390 seconds .

========================================================================
Received Import Request.
  Time since last request: 0.000132 seconds.
  path: Assets/AFPC/poseidon_m4.jpg
  artifactKey: Guid(e60f28addad91434588cae1071338bcf) Importer(815301076,1909f56bfc062723c751e8b465ee728b)
Start importing Assets/AFPC/poseidon_m4.jpg using Guid(e60f28addad91434588cae1071338bcf) Importer(815301076,1909f56bfc062723c751e8b465ee728b)  -> (artifact id: '879349f417428991269753adebffa4e7') in 0.014378 seconds
  Import took 0.016428 seconds .

========================================================================
Received Import Request.
  Time since last request: 10.023474 seconds.
  path: Assets/AFPC/Resources
  artifactKey: Guid(46140d9ffbb1e49e9a296204a3e580cc) Importer(815301076,1909f56bfc062723c751e8b465ee728b)
Start importing Assets/AFPC/Resources using Guid(46140d9ffbb1e49e9a296204a3e580cc) Importer(815301076,1909f56bfc062723c751e8b465ee728b)  -> (artifact id: 'd3e99bebad64bd58d52d9c7dd149fbf1') in 0.006057 seconds
  Import took 0.008098 seconds .

========================================================================
Received Import Request.
  Time since last request: 8.801050 seconds.
  path: Assets/AFPC/Resources/Textures
  artifactKey: Guid(2bb0834a63b562a48a2eecee2120a11d) Importer(815301076,1909f56bfc062723c751e8b465ee728b)
Start importing Assets/AFPC/Resources/Textures using Guid(2bb0834a63b562a48a2eecee2120a11d) Importer(815301076,1909f56bfc062723c751e8b465ee728b)  -> (artifact id: '0f4bfdcdb4c231ec39574acaa4bf4f4f') in 0.005503 seconds
  Import took 0.007580 seconds .

========================================================================
Received Prepare
Registering precompiled user dll's ...
Registered in 0.000588 seconds.
Begin MonoManager ReloadAssembly
Native extension for WindowsStandalone target not found
Native extension for WebGL target not found
Refreshing native plugins compatible for Editor in 0.25 ms, found 0 plugins.
Preloading 0 native plugins for Editor in 0.00 ms.
Mono: successfully reloaded assembly
- Completed reload, in  0.601 seconds
Platform modules already initialized, skipping
Refreshing native plugins compatible for Editor in 0.24 ms, found 0 plugins.
Preloading 0 native plugins for Editor in 0.00 ms.
Unloading 1488 Unused Serialized files (Serialized files now loaded: 0)
System memory in use before: 77.3 MB.
System memory in use after: 74.7 MB.

Unloading 42 unused Assets to reduce memory usage. Loaded Objects now: 1955.
Total: 2.797200 ms (FindLiveObjects: 0.155100 ms CreateObjectMapping: 0.049500 ms MarkObjects: 1.184300 ms  DeleteObjects: 1.407800 ms)

========================================================================
Received Prepare
Registering precompiled user dll's ...
Registered in 0.000584 seconds.
Begin MonoManager ReloadAssembly
Native extension for WindowsStandalone target not found
Native extension for WebGL target not found
Refreshing native plugins compatible for Editor in 0.25 ms, found 0 plugins.
Preloading 0 native plugins for Editor in 0.00 ms.
Mono: successfully reloaded assembly
- Completed reload, in  0.607 seconds
Platform modules already initialized, skipping
Refreshing native plugins compatible for Editor in 0.24 ms, found 0 plugins.
Preloading 0 native plugins for Editor in 0.00 ms.
Unloading 1488 Unused Serialized files (Serialized files now loaded: 0)
System memory in use before: 77.3 MB.
System memory in use after: 74.7 MB.

Unloading 41 unused Assets to reduce memory usage. Loaded Objects now: 1958.
Total: 3.035300 ms (FindLiveObjects: 0.158700 ms CreateObjectMapping: 0.042400 ms MarkObjects: 1.339700 ms  DeleteObjects: 1.493800 ms)

========================================================================
Received Prepare
Registering precompiled user dll's ...
Registered in 0.000581 seconds.
Begin MonoManager ReloadAssembly
Native extension for WindowsStandalone target not found
Native extension for WebGL target not found
Refreshing native plugins compatible for Editor in 0.25 ms, found 0 plugins.
Preloading 0 native plugins for Editor in 0.00 ms.
Mono: successfully reloaded assembly
- Completed reload, in  0.598 seconds
Platform modules already initialized, skipping
Refreshing native plugins compatible for Editor in 0.23 ms, found 0 plugins.
Preloading 0 native plugins for Editor in 0.00 ms.
Unloading 1488 Unused Serialized files (Serialized files now loaded: 0)
System memory in use before: 77.3 MB.
System memory in use after: 74.7 MB.

Unloading 41 unused Assets to reduce memory usage. Loaded Objects now: 1961.
Total: 3.184800 ms (FindLiveObjects: 0.141000 ms CreateObjectMapping: 0.040800 ms MarkObjects: 1.236100 ms  DeleteObjects: 1.766100 ms)

========================================================================
Received Prepare
Registering precompiled user dll's ...
Registered in 0.000579 seconds.
Begin MonoManager ReloadAssembly
Native extension for WindowsStandalone target not found
Native extension for WebGL target not found
Refreshing native plugins compatible for Editor in 0.24 ms, found 0 plugins.
Preloading 0 native plugins for Editor in 0.00 ms.
Mono: successfully reloaded assembly
- Completed reload, in  0.596 seconds
Platform modules already initialized, skipping
Refreshing native plugins compatible for Editor in 0.23 ms, found 0 plugins.
Preloading 0 native plugins for Editor in 0.00 ms.
Unloading 1488 Unused Serialized files (Serialized files now loaded: 0)
System memory in use before: 77.3 MB.
System memory in use after: 74.7 MB.

Unloading 41 unused Assets to reduce memory usage. Loaded Objects now: 1964.
Total: 2.832500 ms (FindLiveObjects: 0.163200 ms CreateObjectMapping: 0.051100 ms MarkObjects: 1.148600 ms  DeleteObjects: 1.468600 ms)

========================================================================
Received Prepare
Registering precompiled user dll's ...
Registered in 0.000570 seconds.
Begin MonoManager ReloadAssembly
Native extension for WindowsStandalone target not found
Native extension for WebGL target not found
Refreshing native plugins compatible for Editor in 0.24 ms, found 0 plugins.
Preloading 0 native plugins for Editor in 0.00 ms.
Mono: successfully reloaded assembly
- Completed reload, in  0.603 seconds
Platform modules already initialized, skipping
Refreshing native plugins compatible for Editor in 0.24 ms, found 0 plugins.
Preloading 0 native plugins for Editor in 0.00 ms.
Unloading 1488 Unused Serialized files (Serialized files now loaded: 0)
System memory in use before: 77.3 MB.
System memory in use after: 74.7 MB.

Unloading 41 unused Assets to reduce memory usage. Loaded Objects now: 1967.
Total: 2.791500 ms (FindLiveObjects: 0.147000 ms CreateObjectMapping: 0.042300 ms MarkObjects: 1.126700 ms  DeleteObjects: 1.474400 ms)

========================================================================
Received Prepare
Registering precompiled user dll's ...
Registered in 0.000528 seconds.
Begin MonoManager ReloadAssembly
Native extension for WindowsStandalone target not found
Native extension for WebGL target not found
Refreshing native plugins compatible for Editor in 0.25 ms, found 0 plugins.
Preloading 0 native plugins for Editor in 0.00 ms.
Mono: successfully reloaded assembly
- Completed reload, in  0.593 seconds
Platform modules already initialized, skipping
Refreshing native plugins compatible for Editor in 0.24 ms, found 0 plugins.
Preloading 0 native plugins for Editor in 0.00 ms.
Unloading 1488 Unused Serialized files (Serialized files now loaded: 0)
System memory in use before: 77.4 MB.
System memory in use after: 74.8 MB.

Unloading 41 unused Assets to reduce memory usage. Loaded Objects now: 1970.
Total: 2.991200 ms (FindLiveObjects: 0.162000 ms CreateObjectMapping: 0.051700 ms MarkObjects: 1.263900 ms  DeleteObjects: 1.512900 ms)

========================================================================
Received Import Request.
  Time since last request: 392.773548 seconds.
  path: Assets/AFPC/Resources/Prefabs/Hero.prefab
  artifactKey: Guid(dec06b7a15916437297e6e8968a07e4f) Importer(815301076,1909f56bfc062723c751e8b465ee728b)
Start importing Assets/AFPC/Resources/Prefabs/Hero.prefab using Guid(dec06b7a15916437297e6e8968a07e4f) Importer(815301076,1909f56bfc062723c751e8b465ee728b)  -> (artifact id: '212ff34afa0fe027377ddee605a39e69') in 0.049241 seconds
  Import took 0.051485 seconds .

========================================================================
Received Import Request.
  Time since last request: 1.155363 seconds.
  path: Assets/AFPC/Resources/Geometry/Blocks.fbx
  artifactKey: Guid(98dcbc4310d764f378e93a9ccb867b6e) Importer(815301076,1909f56bfc062723c751e8b465ee728b)
Start importing Assets/AFPC/Resources/Geometry/Blocks.fbx using Guid(98dcbc4310d764f378e93a9ccb867b6e) Importer(815301076,1909f56bfc062723c751e8b465ee728b)  -> (artifact id: '73d129a20c9d904ff3f3c66ae492d72f') in 0.063343 seconds
  Import took 0.065521 seconds .

========================================================================
Received Import Request.
  Time since last request: 2.754444 seconds.
  path: Assets/AFPC/Resources/Materials/poseidon_m4.mat
  artifactKey: Guid(b386ff399ded59e4b95a03c9af785883) Importer(815301076,1909f56bfc062723c751e8b465ee728b)
Start importing Assets/AFPC/Resources/Materials/poseidon_m4.mat using Guid(b386ff399ded59e4b95a03c9af785883) Importer(815301076,1909f56bfc062723c751e8b465ee728b)  -> (artifact id: '4d385a1ed8253feb3c7359b2374c8a23') in 0.010060 seconds
  Import took 0.012179 seconds .

========================================================================
Received Prepare
Registering precompiled user dll's ...
Registered in 0.000619 seconds.
Begin MonoManager ReloadAssembly
Native extension for WindowsStandalone target not found
Native extension for WebGL target not found
Refreshing native plugins compatible for Editor in 0.26 ms, found 0 plugins.
Preloading 0 native plugins for Editor in 0.00 ms.
Mono: successfully reloaded assembly
- Completed reload, in  0.603 seconds
Platform modules already initialized, skipping
Refreshing native plugins compatible for Editor in 0.24 ms, found 0 plugins.
Preloading 0 native plugins for Editor in 0.00 ms.
Unloading 1488 Unused Serialized files (Serialized files now loaded: 0)
System memory in use before: 77.3 MB.
System memory in use after: 74.7 MB.

Unloading 41 unused Assets to reduce memory usage. Loaded Objects now: 1974.
Total: 3.012200 ms (FindLiveObjects: 0.238400 ms CreateObjectMapping: 0.092600 ms MarkObjects: 1.173400 ms  DeleteObjects: 1.506800 ms)

========================================================================
Received Import Request.
  Time since last request: 7.208302 seconds.
  path: Assets/AFPC/Resources/Prefabs/Hero.prefab
  artifactKey: Guid(dec06b7a15916437297e6e8968a07e4f) Importer(815301076,1909f56bfc062723c751e8b465ee728b)
Start importing Assets/AFPC/Resources/Prefabs/Hero.prefab using Guid(dec06b7a15916437297e6e8968a07e4f) Importer(815301076,1909f56bfc062723c751e8b465ee728b)  -> (artifact id: '9719365cc09f08af139d7a920588c5d3') in 0.018717 seconds
  Import took 0.020830 seconds .

========================================================================
Received Prepare
Registering precompiled user dll's ...
Registered in 0.000550 seconds.
Begin MonoManager ReloadAssembly
Native extension for WindowsStandalone target not found
Native extension for WebGL target not found
Refreshing native plugins compatible for Editor in 0.24 ms, found 0 plugins.
Preloading 0 native plugins for Editor in 0.00 ms.
Mono: successfully reloaded assembly
- Completed reload, in  0.607 seconds
Platform modules already initialized, skipping
Refreshing native plugins compatible for Editor in 0.23 ms, found 0 plugins.
Preloading 0 native plugins for Editor in 0.00 ms.
Unloading 1488 Unused Serialized files (Serialized files now loaded: 0)
System memory in use before: 77.3 MB.
System memory in use after: 74.8 MB.

Unloading 41 unused Assets to reduce memory usage. Loaded Objects now: 1977.
Total: 2.901300 ms (FindLiveObjects: 0.143100 ms CreateObjectMapping: 0.043600 ms MarkObjects: 1.175700 ms  DeleteObjects: 1.538200 ms)

========================================================================
Received Import Request.
  Time since last request: 209.349901 seconds.
  path: Assets/AFPC/Resources/Materials/Gray.mat
  artifactKey: Guid(efa2c318ddd3b4856bf8625a236dc1d9) Importer(815301076,1909f56bfc062723c751e8b465ee728b)
Start importing Assets/AFPC/Resources/Materials/Gray.mat using Guid(efa2c318ddd3b4856bf8625a236dc1d9) Importer(815301076,1909f56bfc062723c751e8b465ee728b)  -> (artifact id: 'd4777b29743dde80e570b72203d727cb') in 0.045073 seconds
  Import took 0.047194 seconds .

========================================================================
Received Import Request.
  Time since last request: 0.000118 seconds.
  path: Assets/AFPC/Resources/Materials/Skybox.mat
  artifactKey: Guid(fd04d12eb6cdc47f4ae63c19580c11bd) Importer(815301076,1909f56bfc062723c751e8b465ee728b)
Start importing Assets/AFPC/Resources/Materials/Skybox.mat using Guid(fd04d12eb6cdc47f4ae63c19580c11bd) Importer(815301076,1909f56bfc062723c751e8b465ee728b)  -> (artifact id: '09485c713d832177dfba7e3c83a6c1c1') in 0.008956 seconds
  Import took 0.010861 seconds .

========================================================================
Received Prepare
Registering precompiled user dll's ...
Registered in 0.000542 seconds.
Begin MonoManager ReloadAssembly
Native extension for WindowsStandalone target not found
Native extension for WebGL target not found
Refreshing native plugins compatible for Editor in 0.24 ms, found 0 plugins.
Preloading 0 native plugins for Editor in 0.00 ms.
Mono: successfully reloaded assembly
- Completed reload, in  0.604 seconds
Platform modules already initialized, skipping
Refreshing native plugins compatible for Editor in 0.25 ms, found 0 plugins.
Preloading 0 native plugins for Editor in 0.00 ms.
Unloading 1488 Unused Serialized files (Serialized files now loaded: 0)
System memory in use before: 77.5 MB.
System memory in use after: 74.8 MB.

Unloading 42 unused Assets to reduce memory usage. Loaded Objects now: 1981.
Total: 3.160100 ms (FindLiveObjects: 0.233800 ms CreateObjectMapping: 0.079600 ms MarkObjects: 1.221800 ms  DeleteObjects: 1.623800 ms)

========================================================================
Received Import Request.
  Time since last request: 388.345200 seconds.
  path: Assets/AFPC/Resources/Materials/Green.mat
  artifactKey: Guid(a4cbb2c0d0a85479997948e09bc91a6e) Importer(815301076,1909f56bfc062723c751e8b465ee728b)
Start importing Assets/AFPC/Resources/Materials/Green.mat using Guid(a4cbb2c0d0a85479997948e09bc91a6e) Importer(815301076,1909f56bfc062723c751e8b465ee728b)  -> (artifact id: '4478fe4bc0760fdf7d3900f58240d3d8') in 0.046333 seconds
  Import took 0.048564 seconds .

========================================================================
Received Import Request.
  Time since last request: 30.872075 seconds.
  path: Assets/AFPC/Resources/Materials/CT.mat
  artifactKey: Guid(a40279781cd474c41b2fe0a4f43f58a4) Importer(815301076,1909f56bfc062723c751e8b465ee728b)
Start importing Assets/AFPC/Resources/Materials/CT.mat using Guid(a40279781cd474c41b2fe0a4f43f58a4) Importer(815301076,1909f56bfc062723c751e8b465ee728b)  -> (artifact id: '4f8868caa4fd2cda01f05c8450d262f9') in 0.009259 seconds
  Import took 0.012030 seconds .

========================================================================
Received Prepare
Registering precompiled user dll's ...
Registered in 0.000507 seconds.
Begin MonoManager ReloadAssembly
Native extension for WindowsStandalone target not found
Native extension for WebGL target not found
Refreshing native plugins compatible for Editor in 0.25 ms, found 0 plugins.
Preloading 0 native plugins for Editor in 0.00 ms.
Mono: successfully reloaded assembly
- Completed reload, in  0.610 seconds
Platform modules already initialized, skipping
Refreshing native plugins compatible for Editor in 0.24 ms, found 0 plugins.
Preloading 0 native plugins for Editor in 0.00 ms.
Unloading 1488 Unused Serialized files (Serialized files now loaded: 0)
System memory in use before: 77.4 MB.
System memory in use after: 74.8 MB.

Unloading 42 unused Assets to reduce memory usage. Loaded Objects now: 1985.
Total: 3.119500 ms (FindLiveObjects: 0.212100 ms CreateObjectMapping: 0.056000 ms MarkObjects: 1.268200 ms  DeleteObjects: 1.582100 ms)

========================================================================
Received Import Request.
  Time since last request: 128.679986 seconds.
  path: Assets/AFPC/Resources/Materials/T.mat
  artifactKey: Guid(f28b00e12608a914599067d1497609cd) Importer(815301076,1909f56bfc062723c751e8b465ee728b)
Start importing Assets/AFPC/Resources/Materials/T.mat using Guid(f28b00e12608a914599067d1497609cd) Importer(815301076,1909f56bfc062723c751e8b465ee728b)  -> (artifact id: '72050b09ef8ff6c3af5ccba786b51284') in 0.045676 seconds
  Import took 0.047880 seconds .

========================================================================
Received Import Request.
  Time since last request: 54.653562 seconds.
  path: Assets/AFPC/Resources/Fonts/KatahdinRound SDF.asset
  artifactKey: Guid(b3737b7697fd54384958d3186ff3e25d) Importer(815301076,1909f56bfc062723c751e8b465ee728b)
Start importing Assets/AFPC/Resources/Fonts/KatahdinRound SDF.asset using Guid(b3737b7697fd54384958d3186ff3e25d) Importer(815301076,1909f56bfc062723c751e8b465ee728b)  -> (artifact id: 'd050b3d527d38064ce8bbbff0a122491') in 0.044694 seconds
  Import took 0.047074 seconds .

========================================================================
Received Import Request.
  Time since last request: 0.000121 seconds.
  path: Assets/AFPC/Resources/Fonts/KatahdinRound.otf
  artifactKey: Guid(eba60de6692844bc4aa7dfe2610b30c0) Importer(815301076,1909f56bfc062723c751e8b465ee728b)
Start importing Assets/AFPC/Resources/Fonts/KatahdinRound.otf using Guid(eba60de6692844bc4aa7dfe2610b30c0) Importer(815301076,1909f56bfc062723c751e8b465ee728b)  -> (artifact id: '94fe90592a11b5e3b53fac7a85b0649b') in 0.012749 seconds
  Import took 0.014676 seconds .

========================================================================
Received Import Request.
  Time since last request: 2.157240 seconds.
  path: Assets/AFPC/Scripts
  artifactKey: Guid(b9c062bdf84d84b8e82cf3eb35b1609a) Importer(815301076,1909f56bfc062723c751e8b465ee728b)
Start importing Assets/AFPC/Scripts using Guid(b9c062bdf84d84b8e82cf3eb35b1609a) Importer(815301076,1909f56bfc062723c751e8b465ee728b)  -> (artifact id: '22a4738ec22ae493fc5d120111e78546') in 0.004966 seconds
  Import took 0.007000 seconds .

========================================================================
Received Prepare
Registering precompiled user dll's ...
Registered in 0.000730 seconds.
Begin MonoManager ReloadAssembly
Native extension for WindowsStandalone target not found
Native extension for WebGL target not found
Refreshing native plugins compatible for Editor in 0.25 ms, found 0 plugins.
Preloading 0 native plugins for Editor in 0.00 ms.
Mono: successfully reloaded assembly
- Completed reload, in  0.603 seconds
Platform modules already initialized, skipping
Refreshing native plugins compatible for Editor in 0.24 ms, found 0 plugins.
Preloading 0 native plugins for Editor in 0.00 ms.
Unloading 1488 Unused Serialized files (Serialized files now loaded: 0)
System memory in use before: 77.6 MB.
System memory in use after: 75.1 MB.

Unloading 40 unused Assets to reduce memory usage. Loaded Objects now: 1995.
Total: 3.046500 ms (FindLiveObjects: 0.178600 ms CreateObjectMapping: 0.054900 ms MarkObjects: 1.310800 ms  DeleteObjects: 1.501300 ms)

========================================================================
Received Import Request.
  Time since last request: 6.124335 seconds.
  path: Assets/AFPC/Scripts/Movement.cs
  artifactKey: Guid(c8bf58528457146aa8cfbd98470d822d) Importer(815301076,1909f56bfc062723c751e8b465ee728b)
Start importing Assets/AFPC/Scripts/Movement.cs using Guid(c8bf58528457146aa8cfbd98470d822d) Importer(815301076,1909f56bfc062723c751e8b465ee728b)  -> (artifact id: '096a5458bf496a5ec6a2060102ae08fe') in 0.007598 seconds
  Import took 0.009670 seconds .

========================================================================
Received Import Request.
  Time since last request: 0.018033 seconds.
  path: Assets/AFPC/Scripts/Movement.cs
  artifactKey: Guid(c8bf58528457146aa8cfbd98470d822d) Importer(815301076,1909f56bfc062723c751e8b465ee728b)
Start importing Assets/AFPC/Scripts/Movement.cs using Guid(c8bf58528457146aa8cfbd98470d822d) Importer(815301076,1909f56bfc062723c751e8b465ee728b)  -> (artifact id: '096a5458bf496a5ec6a2060102ae08fe') in 0.001643 seconds
  Import took 0.003667 seconds .

========================================================================
Received Import Request.
  Time since last request: 40.304824 seconds.
  path: Assets/AFPC/Resources/Materials/Ground.mat
  artifactKey: Guid(982390213bfc9334d9205f6e5d4cf8ca) Importer(815301076,1909f56bfc062723c751e8b465ee728b)
Start importing Assets/AFPC/Resources/Materials/Ground.mat using Guid(982390213bfc9334d9205f6e5d4cf8ca) Importer(815301076,1909f56bfc062723c751e8b465ee728b)  -> (artifact id: '08b870e9b292a746c00e07f4f8e11f2b') in 0.045185 seconds
  Import took 0.047293 seconds .

========================================================================
Received Import Request.
  Time since last request: 252.512088 seconds.
  path: Packages/com.unity.probuilder/Content/Material/Checker.mat
  artifactKey: Guid(4717b199010ca4cb3a8a7a465ec457d2) Importer(815301076,1909f56bfc062723c751e8b465ee728b)
Start importing Packages/com.unity.probuilder/Content/Material/Checker.mat using Guid(4717b199010ca4cb3a8a7a465ec457d2) Importer(815301076,1909f56bfc062723c751e8b465ee728b)  -> (artifact id: 'b36debdd48ffadcd7b304f6fbeba313d') in 0.084678 seconds
  Import took 0.087062 seconds .

========================================================================
Received Import Request.
  Time since last request: 0.000157 seconds.
  path: Packages/com.unity.probuilder/Content/Resources/Materials/VertexPickerHDRP.mat
  artifactKey: Guid(7d5c9fc287a2aa945a98203d41282923) Importer(815301076,1909f56bfc062723c751e8b465ee728b)
Start importing Packages/com.unity.probuilder/Content/Resources/Materials/VertexPickerHDRP.mat using Guid(7d5c9fc287a2aa945a98203d41282923) Importer(815301076,1909f56bfc062723c751e8b465ee728b)  -> (artifact id: '05507772b78e41f9a6e774265c470b24') in 0.009067 seconds
  Import took 0.011349 seconds .

========================================================================
Received Import Request.
  Time since last request: 0.000131 seconds.
  path: Packages/com.unity.probuilder/Content/Resources/Materials/FacePicker.mat
  artifactKey: Guid(5695904020f064fdab5ad265b274a616) Importer(815301076,1909f56bfc062723c751e8b465ee728b)
Start importing Packages/com.unity.probuilder/Content/Resources/Materials/FacePicker.mat using Guid(5695904020f064fdab5ad265b274a616) Importer(815301076,1909f56bfc062723c751e8b465ee728b)  -> (artifact id: '05e199972975c958c30f84e2e10b8683') in 0.009491 seconds
  Import took 0.011619 seconds .

========================================================================
Received Import Request.
  Time since last request: 0.000154 seconds.
  path: Packages/com.unity.probuilder/Content/Resources/Materials/Trigger.mat
  artifactKey: Guid(a1e97cbf2538241b691aae8243b5fb10) Importer(815301076,1909f56bfc062723c751e8b465ee728b)
Start importing Packages/com.unity.probuilder/Content/Resources/Materials/Trigger.mat using Guid(a1e97cbf2538241b691aae8243b5fb10) Importer(815301076,1909f56bfc062723c751e8b465ee728b)  -> (artifact id: '08b3638bade6a5435e3eef985b94e172') in 0.030523 seconds
  Import took 0.032500 seconds .

========================================================================
Received Import Request.
  Time since last request: 0.000159 seconds.
  path: Packages/com.unity.probuilder/Content/Resources/Materials/VertexPicker.mat
  artifactKey: Guid(30a8575e1d4cc4e01a88ffbf4f973d80) Importer(815301076,1909f56bfc062723c751e8b465ee728b)
Start importing Packages/com.unity.probuilder/Content/Resources/Materials/VertexPicker.mat using Guid(30a8575e1d4cc4e01a88ffbf4f973d80) Importer(815301076,1909f56bfc062723c751e8b465ee728b)  -> (artifact id: '314cbeda7784de9302bfcb9911e45862') in 0.017307 seconds
  Import took 0.019374 seconds .

========================================================================
Received Import Request.
  Time since last request: 0.000239 seconds.
  path: Assets/TextMesh Pro/Resources/Fonts & Materials/LiberationSans SDF - Outline.mat
  artifactKey: Guid(79459efec17a4d00a321bdcc27bbc385) Importer(815301076,1909f56bfc062723c751e8b465ee728b)
Start importing Assets/TextMesh Pro/Resources/Fonts & Materials/LiberationSans SDF - Outline.mat using Guid(79459efec17a4d00a321bdcc27bbc385) Importer(815301076,1909f56bfc062723c751e8b465ee728b)  -> (artifact id: '3789fcd9ef3159500c31a405e75f7223') in 0.057423 seconds
  Import took 0.059424 seconds .

========================================================================
Received Import Request.
  Time since last request: 0.000185 seconds.
  path: Packages/com.unity.probuilder/Content/Resources/Materials/ProBuilderDefault.mat
  artifactKey: Guid(c22777d6e868e4f2fb421913386b154e) Importer(815301076,1909f56bfc062723c751e8b465ee728b)
Start importing Packages/com.unity.probuilder/Content/Resources/Materials/ProBuilderDefault.mat using Guid(c22777d6e868e4f2fb421913386b154e) Importer(815301076,1909f56bfc062723c751e8b465ee728b)  -> (artifact id: '75b99026697433b02b5f6db02985cac0') in 0.012880 seconds
  Import took 0.015532 seconds .

========================================================================
Received Import Request.
  Time since last request: 0.000127 seconds.
  path: Packages/com.unity.probuilder/Content/Resources/Materials/EdgePickerHDRP.mat
  artifactKey: Guid(980c24c5a501a9a429356d191ad356a9) Importer(815301076,1909f56bfc062723c751e8b465ee728b)
Start importing Packages/com.unity.probuilder/Content/Resources/Materials/EdgePickerHDRP.mat using Guid(980c24c5a501a9a429356d191ad356a9) Importer(815301076,1909f56bfc062723c751e8b465ee728b)  -> (artifact id: '1c45fcd88e2cf0fdfa98d1cf5b6873c4') in 0.010173 seconds
  Import took 0.012156 seconds .

========================================================================
Received Import Request.
  Time since last request: 0.000191 seconds.
  path: Packages/com.unity.probuilder/Content/Resources/Materials/EdgePicker.mat
  artifactKey: Guid(4ff996e3a0a5743a3987ab6231160665) Importer(815301076,1909f56bfc062723c751e8b465ee728b)
Start importing Packages/com.unity.probuilder/Content/Resources/Materials/EdgePicker.mat using Guid(4ff996e3a0a5743a3987ab6231160665) Importer(815301076,1909f56bfc062723c751e8b465ee728b)  -> (artifact id: 'bbd37f33c6a69de3da8ae1c6d03c57e0') in 0.010547 seconds
  Import took 0.012550 seconds .

========================================================================
Received Import Request.
  Time since last request: 0.000158 seconds.
  path: Packages/com.unity.probuilder/Content/Resources/Materials/Collider.mat
  artifactKey: Guid(bbb235fff4f48426b863b36058ab66d2) Importer(815301076,1909f56bfc062723c751e8b465ee728b)
Start importing Packages/com.unity.probuilder/Content/Resources/Materials/Collider.mat using Guid(bbb235fff4f48426b863b36058ab66d2) Importer(815301076,1909f56bfc062723c751e8b465ee728b)  -> (artifact id: '52202f9a5da191704be443daf006df72') in 0.009434 seconds
  Import took 0.011493 seconds .

========================================================================
Received Import Request.
  Time since last request: 0.000162 seconds.
  path: Packages/com.unity.probuilder/Content/Resources/Materials/NoDraw.mat
  artifactKey: Guid(8cb4d6fee77fd4ee6895f08b240d625f) Importer(815301076,1909f56bfc062723c751e8b465ee728b)
Start importing Packages/com.unity.probuilder/Content/Resources/Materials/NoDraw.mat using Guid(8cb4d6fee77fd4ee6895f08b240d625f) Importer(815301076,1909f56bfc062723c751e8b465ee728b)  -> (artifact id: '35218e941c0c3690a514f8a2e777bd38') in 0.029857 seconds
  Import took 0.031871 seconds .

========================================================================
Received Import Request.
  Time since last request: 0.000181 seconds.
  path: Assets/TextMesh Pro/Resources/Fonts & Materials/LiberationSans SDF - Fallback.asset
  artifactKey: Guid(2e498d1c8094910479dc3e1b768306a4) Importer(815301076,1909f56bfc062723c751e8b465ee728b)
Start importing Assets/TextMesh Pro/Resources/Fonts & Materials/LiberationSans SDF - Fallback.asset using Guid(2e498d1c8094910479dc3e1b768306a4) Importer(815301076,1909f56bfc062723c751e8b465ee728b)  -> (artifact id: 'a68ff2956456a13c7360456b995fef68') in 0.028396 seconds
  Import took 0.030378 seconds .

========================================================================
Received Import Request.
  Time since last request: 0.000127 seconds.
  path: Packages/com.unity.probuilder/Content/Resources/Materials/StandardVertexColorLWRP.mat
  artifactKey: Guid(077a003b1de1e4c35923be7a21b5d948) Importer(815301076,1909f56bfc062723c751e8b465ee728b)
Start importing Packages/com.unity.probuilder/Content/Resources/Materials/StandardVertexColorLWRP.mat using Guid(077a003b1de1e4c35923be7a21b5d948) Importer(815301076,1909f56bfc062723c751e8b465ee728b)  -> (artifact id: 'cf258c90192ca9d92f2610b931178c79') in 0.010389 seconds
  Import took 0.012342 seconds .

========================================================================
Received Import Request.
  Time since last request: 0.000116 seconds.
  path: Assets/TextMesh Pro/Fonts/LiberationSans.ttf
  artifactKey: Guid(e3265ab4bf004d28a9537516768c1c75) Importer(815301076,1909f56bfc062723c751e8b465ee728b)
Start importing Assets/TextMesh Pro/Fonts/LiberationSans.ttf using Guid(e3265ab4bf004d28a9537516768c1c75) Importer(815301076,1909f56bfc062723c751e8b465ee728b)  -> (artifact id: '403ecb7373b3905fa798f89c61f40532') in 0.012139 seconds
  Import took 0.014122 seconds .

========================================================================
Received Import Request.
  Time since last request: 0.000127 seconds.
  path: Assets/TextMesh Pro/Resources/Fonts & Materials/LiberationSans SDF - Drop Shadow.mat
  artifactKey: Guid(e73a58f6e2794ae7b1b7e50b7fb811b0) Importer(815301076,1909f56bfc062723c751e8b465ee728b)
Start importing Assets/TextMesh Pro/Resources/Fonts & Materials/LiberationSans SDF - Drop Shadow.mat using Guid(e73a58f6e2794ae7b1b7e50b7fb811b0) Importer(815301076,1909f56bfc062723c751e8b465ee728b)  -> (artifact id: 'c929e802034d2b4b6bd7f2a4c02fe330') in 0.060689 seconds
  Import took 0.062731 seconds .

========================================================================
Received Import Request.
  Time since last request: 0.000149 seconds.
  path: Packages/com.unity.probuilder/Content/Resources/Materials/InvisibleFace.mat
  artifactKey: Guid(978bbcf5050244f1b95128c04103f628) Importer(815301076,1909f56bfc062723c751e8b465ee728b)
Start importing Packages/com.unity.probuilder/Content/Resources/Materials/InvisibleFace.mat using Guid(978bbcf5050244f1b95128c04103f628) Importer(815301076,1909f56bfc062723c751e8b465ee728b)  -> (artifact id: 'fb5a92ae202675bcae232bd31f234cba') in 0.008927 seconds
  Import took 0.010972 seconds .

========================================================================
Received Import Request.
  Time since last request: 0.000170 seconds.
  path: Assets/TextMesh Pro/Resources/Fonts & Materials/LiberationSans SDF.asset
  artifactKey: Guid(8f586378b4e144a9851e7b34d9b748ee) Importer(815301076,1909f56bfc062723c751e8b465ee728b)
Start importing Assets/TextMesh Pro/Resources/Fonts & Materials/LiberationSans SDF.asset using Guid(8f586378b4e144a9851e7b34d9b748ee) Importer(815301076,1909f56bfc062723c751e8b465ee728b)  -> (artifact id: '8a99cc360955589cf887006e25bcd276') in 0.032609 seconds
  Import took 0.034662 seconds .

========================================================================
Received Import Request.
  Time since last request: 0.000128 seconds.
  path: Packages/com.unity.probuilder/Content/Resources/Materials/FacePickerHDRP.mat
  artifactKey: Guid(a53ef0dd76f2fe74eb5f43267d7c0195) Importer(815301076,1909f56bfc062723c751e8b465ee728b)
Start importing Packages/com.unity.probuilder/Content/Resources/Materials/FacePickerHDRP.mat using Guid(a53ef0dd76f2fe74eb5f43267d7c0195) Importer(815301076,1909f56bfc062723c751e8b465ee728b)  -> (artifact id: '09a611c2ac6ea09d6f72c5aa64451457') in 0.015387 seconds
  Import took 0.017388 seconds .

========================================================================
Received Import Request.
  Time since last request: 0.000119 seconds.
  path: Packages/com.unity.probuilder/Content/Resources/Materials/UnlitVertexColor.mat
  artifactKey: Guid(29966c3c0907b49b58c4e59342d020cf) Importer(815301076,1909f56bfc062723c751e8b465ee728b)
Start importing Packages/com.unity.probuilder/Content/Resources/Materials/UnlitVertexColor.mat using Guid(29966c3c0907b49b58c4e59342d020cf) Importer(815301076,1909f56bfc062723c751e8b465ee728b)  -> (artifact id: '066c3bee58f7700dbd988815ac9a3e1a') in 0.011828 seconds
  Import took 0.013762 seconds .

========================================================================
Received Import Request.
  Time since last request: 0.000130 seconds.
  path: Packages/com.unity.probuilder/Content/Resources/Materials/StandardVertexColorHDRP.mat
  artifactKey: Guid(c35693c079f3840f7938a4a323096e84) Importer(815301076,1909f56bfc062723c751e8b465ee728b)
Start importing Packages/com.unity.probuilder/Content/Resources/Materials/StandardVertexColorHDRP.mat using Guid(c35693c079f3840f7938a4a323096e84) Importer(815301076,1909f56bfc062723c751e8b465ee728b)  -> (artifact id: 'fab54f01a49a70d185bb704571694daf') in 0.008335 seconds
  Import took 0.010510 seconds .

========================================================================
Received Prepare
Registering precompiled user dll's ...
Registered in 0.000548 seconds.
Begin MonoManager ReloadAssembly
Native extension for WindowsStandalone target not found
Native extension for WebGL target not found
Refreshing native plugins compatible for Editor in 0.25 ms, found 0 plugins.
Preloading 0 native plugins for Editor in 0.00 ms.
Mono: successfully reloaded assembly
- Completed reload, in  0.591 seconds
Platform modules already initialized, skipping
Refreshing native plugins compatible for Editor in 0.23 ms, found 0 plugins.
Preloading 0 native plugins for Editor in 0.00 ms.
Unloading 1486 Unused Serialized files (Serialized files now loaded: 0)
System memory in use before: 77.6 MB.
System memory in use after: 75.7 MB.

Unloading 31 unused Assets to reduce memory usage. Loaded Objects now: 2011.
Total: 2.700600 ms (FindLiveObjects: 0.137700 ms CreateObjectMapping: 0.044600 ms MarkObjects: 1.355800 ms  DeleteObjects: 1.161900 ms)

========================================================================
Received Import Request.
  Time since last request: 532.916404 seconds.
  path: Assets/AFPC/Resources/Materials/Skybox.mat
  artifactKey: Guid(fd04d12eb6cdc47f4ae63c19580c11bd) Importer(815301076,1909f56bfc062723c751e8b465ee728b)
Start importing Assets/AFPC/Resources/Materials/Skybox.mat using Guid(fd04d12eb6cdc47f4ae63c19580c11bd) Importer(815301076,1909f56bfc062723c751e8b465ee728b)  -> (artifact id: 'b5cee64ec784d6a187bbb6f2f43254a5') in 0.053739 seconds
  Import took 0.056268 seconds .

========================================================================
Received Prepare
Registering precompiled user dll's ...
Registered in 0.000625 seconds.
Begin MonoManager ReloadAssembly
Native extension for WindowsStandalone target not found
Native extension for WebGL target not found
Refreshing native plugins compatible for Editor in 0.25 ms, found 0 plugins.
Preloading 0 native plugins for Editor in 0.00 ms.
Mono: successfully reloaded assembly
- Completed reload, in  0.618 seconds
Platform modules already initialized, skipping
Refreshing native plugins compatible for Editor in 0.24 ms, found 0 plugins.
Preloading 0 native plugins for Editor in 0.00 ms.
Unloading 1477 Unused Serialized files (Serialized files now loaded: 0)
System memory in use before: 76.7 MB.
System memory in use after: 74.8 MB.

Unloading 30 unused Assets to reduce memory usage. Loaded Objects now: 2015.
Total: 2.679700 ms (FindLiveObjects: 0.216600 ms CreateObjectMapping: 0.063800 ms MarkObjects: 1.265300 ms  DeleteObjects: 1.132900 ms)

========================================================================
Received Prepare
Registering precompiled user dll's ...
Registered in 0.000573 seconds.
Begin MonoManager ReloadAssembly
Native extension for WindowsStandalone target not found
Native extension for WebGL target not found
Refreshing native plugins compatible for Editor in 0.25 ms, found 0 plugins.
Preloading 0 native plugins for Editor in 0.00 ms.
Mono: successfully reloaded assembly
- Completed reload, in  0.614 seconds
Platform modules already initialized, skipping
Refreshing native plugins compatible for Editor in 0.25 ms, found 0 plugins.
Preloading 0 native plugins for Editor in 0.00 ms.
Unloading 1477 Unused Serialized files (Serialized files now loaded: 0)
System memory in use before: 76.7 MB.
System memory in use after: 74.8 MB.

Unloading 30 unused Assets to reduce memory usage. Loaded Objects now: 2018.
Total: 2.665100 ms (FindLiveObjects: 0.200400 ms CreateObjectMapping: 0.060100 ms MarkObjects: 1.227000 ms  DeleteObjects: 1.176500 ms)

========================================================================
Received Import Request.
  Time since last request: 1218.079293 seconds.
  path: Assets/AFPC/Resources/Materials/Bomb Site.mat
  artifactKey: Guid(7f2c23c42a28a466d925db7582aa7272) Importer(815301076,1909f56bfc062723c751e8b465ee728b)
Start importing Assets/AFPC/Resources/Materials/Bomb Site.mat using Guid(7f2c23c42a28a466d925db7582aa7272) Importer(815301076,1909f56bfc062723c751e8b465ee728b)  -> (artifact id: 'd891d15525b7527e5cc0b07ef1aea9c7') in 0.049459 seconds
  Import took 0.051973 seconds .

========================================================================
Received Import Request.
  Time since last request: 76.622498 seconds.
  path: Assets/AFPC/Scripts/HUD.cs
  artifactKey: Guid(3852e0323ac5345ba8d794038643b4bd) Importer(815301076,1909f56bfc062723c751e8b465ee728b)
Start importing Assets/AFPC/Scripts/HUD.cs using Guid(3852e0323ac5345ba8d794038643b4bd) Importer(815301076,1909f56bfc062723c751e8b465ee728b)  -> (artifact id: 'd618b6414e4da5fcaed9d4f003d19632') in 0.004762 seconds
  Import took 0.006849 seconds .

========================================================================
Received Import Request.
  Time since last request: 0.018590 seconds.
  path: Assets/AFPC/Scripts/HUD.cs
  artifactKey: Guid(3852e0323ac5345ba8d794038643b4bd) Importer(815301076,1909f56bfc062723c751e8b465ee728b)
Start importing Assets/AFPC/Scripts/HUD.cs using Guid(3852e0323ac5345ba8d794038643b4bd) Importer(815301076,1909f56bfc062723c751e8b465ee728b)  -> (artifact id: 'd618b6414e4da5fcaed9d4f003d19632') in 0.001628 seconds
  Import took 0.003734 seconds .

========================================================================
Received Import Request.
  Time since last request: 15.742618 seconds.
  path: Assets/AFPC/Scripts/Overview.cs
  artifactKey: Guid(bce8f132d4c9c4c7ab4f466631207366) Importer(815301076,1909f56bfc062723c751e8b465ee728b)
Start importing Assets/AFPC/Scripts/Overview.cs using Guid(bce8f132d4c9c4c7ab4f466631207366) Importer(815301076,1909f56bfc062723c751e8b465ee728b)  -> (artifact id: 'fb15ae9ef1ce2ebdd2948bf2d87c97c4') in 0.005326 seconds
  Import took 0.007370 seconds .

========================================================================
Received Prepare
Registering precompiled user dll's ...
Registered in 0.000584 seconds.
Begin MonoManager ReloadAssembly
Native extension for WindowsStandalone target not found
Native extension for WebGL target not found
Refreshing native plugins compatible for Editor in 0.26 ms, found 0 plugins.
Preloading 0 native plugins for Editor in 0.00 ms.
Mono: successfully reloaded assembly
- Completed reload, in  0.611 seconds
Platform modules already initialized, skipping
Refreshing native plugins compatible for Editor in 0.25 ms, found 0 plugins.
Preloading 0 native plugins for Editor in 0.00 ms.
Unloading 1477 Unused Serialized files (Serialized files now loaded: 0)
System memory in use before: 76.8 MB.
System memory in use after: 74.8 MB.

Unloading 31 unused Assets to reduce memory usage. Loaded Objects now: 2022.
Total: 2.809600 ms (FindLiveObjects: 0.186800 ms CreateObjectMapping: 0.061400 ms MarkObjects: 1.354500 ms  DeleteObjects: 1.206000 ms)

========================================================================
Received Import Request.
  Time since last request: 705.077131 seconds.
  path: Assets/AFPC/Scripts/Hero.cs
  artifactKey: Guid(f7ecd681b26b44dc6a0fd8a7479a13e5) Importer(815301076,1909f56bfc062723c751e8b465ee728b)
Start importing Assets/AFPC/Scripts/Hero.cs using Guid(f7ecd681b26b44dc6a0fd8a7479a13e5) Importer(815301076,1909f56bfc062723c751e8b465ee728b)  -> (artifact id: '0b12176c961ede273cdda6e06150617e') in 0.003598 seconds
  Import took 0.005876 seconds .

========================================================================
Received Import Request.
  Time since last request: 0.020070 seconds.
  path: Assets/AFPC/Scripts/Hero.cs
  artifactKey: Guid(f7ecd681b26b44dc6a0fd8a7479a13e5) Importer(815301076,1909f56bfc062723c751e8b465ee728b)
Start importing Assets/AFPC/Scripts/Hero.cs using Guid(f7ecd681b26b44dc6a0fd8a7479a13e5) Importer(815301076,1909f56bfc062723c751e8b465ee728b)  -> (artifact id: '0b12176c961ede273cdda6e06150617e') in 0.001675 seconds
  Import took 0.003732 seconds .

========================================================================
Received Prepare
Registering precompiled user dll's ...
Registered in 0.000470 seconds.
Begin MonoManager ReloadAssembly
Native extension for WindowsStandalone target not found
Native extension for WebGL target not found
Refreshing native plugins compatible for Editor in 0.25 ms, found 0 plugins.
Preloading 0 native plugins for Editor in 0.00 ms.
Mono: successfully reloaded assembly
- Completed reload, in  0.620 seconds
Platform modules already initialized, skipping
Refreshing native plugins compatible for Editor in 0.24 ms, found 0 plugins.
Preloading 0 native plugins for Editor in 0.00 ms.
Unloading 1477 Unused Serialized files (Serialized files now loaded: 0)
System memory in use before: 76.8 MB.
System memory in use after: 74.9 MB.

Unloading 30 unused Assets to reduce memory usage. Loaded Objects now: 2025.
Total: 2.582400 ms (FindLiveObjects: 0.171700 ms CreateObjectMapping: 0.059500 ms MarkObjects: 1.229200 ms  DeleteObjects: 1.121100 ms)

========================================================================
Received Prepare
Registering precompiled user dll's ...
Registered in 0.000556 seconds.
Begin MonoManager ReloadAssembly
Native extension for WindowsStandalone target not found
Native extension for WebGL target not found
Refreshing native plugins compatible for Editor in 0.26 ms, found 0 plugins.
Preloading 0 native plugins for Editor in 0.00 ms.
Mono: successfully reloaded assembly
- Completed reload, in  0.598 seconds
Platform modules already initialized, skipping
Refreshing native plugins compatible for Editor in 0.25 ms, found 0 plugins.
Preloading 0 native plugins for Editor in 0.00 ms.
Unloading 1477 Unused Serialized files (Serialized files now loaded: 0)
System memory in use before: 76.8 MB.
System memory in use after: 74.9 MB.

Unloading 30 unused Assets to reduce memory usage. Loaded Objects now: 2028.
Total: 2.663000 ms (FindLiveObjects: 0.173600 ms CreateObjectMapping: 0.049500 ms MarkObjects: 1.273400 ms  DeleteObjects: 1.165400 ms)

========================================================================
Received Prepare
Registering precompiled user dll's ...
Registered in 0.000499 seconds.
Begin MonoManager ReloadAssembly
Native extension for WindowsStandalone target not found
Native extension for WebGL target not found
Refreshing native plugins compatible for Editor in 0.26 ms, found 0 plugins.
Preloading 0 native plugins for Editor in 0.00 ms.
Mono: successfully reloaded assembly
- Completed reload, in  0.597 seconds
Platform modules already initialized, skipping
Refreshing native plugins compatible for Editor in 0.24 ms, found 0 plugins.
Preloading 0 native plugins for Editor in 0.00 ms.
Unloading 1477 Unused Serialized files (Serialized files now loaded: 0)
System memory in use before: 76.8 MB.
System memory in use after: 74.9 MB.

Unloading 30 unused Assets to reduce memory usage. Loaded Objects now: 2031.
Total: 2.543400 ms (FindLiveObjects: 0.169300 ms CreateObjectMapping: 0.042700 ms MarkObjects: 1.198700 ms  DeleteObjects: 1.131900 ms)

========================================================================
Received Import Request.
  Time since last request: 1317.102355 seconds.
  path: Assets/AFPC/Resources/Materials/Walls.mat
  artifactKey: Guid(2f25c351cd5954441a73aef8facb79bb) Importer(815301076,1909f56bfc062723c751e8b465ee728b)
Start importing Assets/AFPC/Resources/Materials/Walls.mat using Guid(2f25c351cd5954441a73aef8facb79bb) Importer(815301076,1909f56bfc062723c751e8b465ee728b)  -> (artifact id: '2c08d61e5d522a101c3c1ff7e2a958c1') in 0.052273 seconds
  Import took 0.054564 seconds .

========================================================================
Received Prepare
Registering precompiled user dll's ...
Registered in 0.000513 seconds.
Begin MonoManager ReloadAssembly
Native extension for WindowsStandalone target not found
Native extension for WebGL target not found
Refreshing native plugins compatible for Editor in 0.25 ms, found 0 plugins.
Preloading 0 native plugins for Editor in 0.00 ms.
Mono: successfully reloaded assembly
- Completed reload, in  0.607 seconds
Platform modules already initialized, skipping
Refreshing native plugins compatible for Editor in 0.31 ms, found 0 plugins.
Preloading 0 native plugins for Editor in 0.00 ms.
Unloading 1477 Unused Serialized files (Serialized files now loaded: 0)
System memory in use before: 76.8 MB.
System memory in use after: 74.9 MB.

Unloading 31 unused Assets to reduce memory usage. Loaded Objects now: 2035.
Total: 2.657700 ms (FindLiveObjects: 0.192000 ms CreateObjectMapping: 0.055700 ms MarkObjects: 1.250400 ms  DeleteObjects: 1.158400 ms)

========================================================================
Received Prepare
Registering precompiled user dll's ...
Registered in 0.000604 seconds.
Begin MonoManager ReloadAssembly
Native extension for WindowsStandalone target not found
Native extension for WebGL target not found
Refreshing native plugins compatible for Editor in 0.26 ms, found 0 plugins.
Preloading 0 native plugins for Editor in 0.00 ms.
Mono: successfully reloaded assembly
- Completed reload, in  0.843 seconds
Platform modules already initialized, skipping
Refreshing native plugins compatible for Editor in 0.25 ms, found 0 plugins.
Preloading 0 native plugins for Editor in 0.00 ms.
Unloading 1477 Unused Serialized files (Serialized files now loaded: 0)
System memory in use before: 76.8 MB.
System memory in use after: 74.9 MB.

Unloading 30 unused Assets to reduce memory usage. Loaded Objects now: 2038.
Total: 2.761900 ms (FindLiveObjects: 0.204000 ms CreateObjectMapping: 0.058700 ms MarkObjects: 1.342200 ms  DeleteObjects: 1.155500 ms)

========================================================================
Received Prepare
Registering precompiled user dll's ...
Registered in 0.000483 seconds.
Begin MonoManager ReloadAssembly
Native extension for WindowsStandalone target not found
Native extension for WebGL target not found
Refreshing native plugins compatible for Editor in 0.26 ms, found 0 plugins.
Preloading 0 native plugins for Editor in 0.00 ms.
Mono: successfully reloaded assembly
- Completed reload, in  0.622 seconds
Platform modules already initialized, skipping
Refreshing native plugins compatible for Editor in 0.25 ms, found 0 plugins.
Preloading 0 native plugins for Editor in 0.00 ms.
Unloading 1477 Unused Serialized files (Serialized files now loaded: 0)
System memory in use before: 76.8 MB.
System memory in use after: 74.9 MB.

Unloading 30 unused Assets to reduce memory usage. Loaded Objects now: 2041.
Total: 2.748700 ms (FindLiveObjects: 0.247600 ms CreateObjectMapping: 0.078300 ms MarkObjects: 1.254400 ms  DeleteObjects: 1.167000 ms)

========================================================================
Received Prepare
Registering precompiled user dll's ...
Registered in 0.000528 seconds.
Begin MonoManager ReloadAssembly
Native extension for WindowsStandalone target not found
Native extension for WebGL target not found
Refreshing native plugins compatible for Editor in 0.25 ms, found 0 plugins.
Preloading 0 native plugins for Editor in 0.00 ms.
Mono: successfully reloaded assembly
- Completed reload, in  0.606 seconds
Platform modules already initialized, skipping
Refreshing native plugins compatible for Editor in 0.24 ms, found 0 plugins.
Preloading 0 native plugins for Editor in 0.00 ms.
Unloading 1477 Unused Serialized files (Serialized files now loaded: 0)
System memory in use before: 76.8 MB.
System memory in use after: 74.9 MB.

Unloading 30 unused Assets to reduce memory usage. Loaded Objects now: 2044.
Total: 2.650400 ms (FindLiveObjects: 0.170800 ms CreateObjectMapping: 0.048800 ms MarkObjects: 1.296500 ms  DeleteObjects: 1.133100 ms)

========================================================================
Received Import Request.
  Time since last request: 6057.612847 seconds.
  path: Assets/AFPC/Resources/Materials/CT 1.mat
  artifactKey: Guid(5cdace1421ba5d742ada0c2dee8e7d5a) Importer(815301076,1909f56bfc062723c751e8b465ee728b)
Start importing Assets/AFPC/Resources/Materials/CT 1.mat using Guid(5cdace1421ba5d742ada0c2dee8e7d5a) Importer(815301076,1909f56bfc062723c751e8b465ee728b)  -> (artifact id: '54d679744c5c051344714f5f392b91f8') in 0.049370 seconds
  Import took 0.051952 seconds .

========================================================================
Received Import Request.
  Time since last request: 6.955450 seconds.
  path: Assets/AFPC/Resources/Materials/T 1.mat
  artifactKey: Guid(78655e8444d3c95428d0420d84c4a462) Importer(815301076,1909f56bfc062723c751e8b465ee728b)
Start importing Assets/AFPC/Resources/Materials/T 1.mat using Guid(78655e8444d3c95428d0420d84c4a462) Importer(815301076,1909f56bfc062723c751e8b465ee728b)  -> (artifact id: '19ba7dc7102251e09690a9c7bd1c6693') in 0.009327 seconds
  Import took 0.011465 seconds .

========================================================================
Received Prepare
Registering precompiled user dll's ...
Registered in 0.000610 seconds.
Begin MonoManager ReloadAssembly
Native extension for WindowsStandalone target not found
Native extension for WebGL target not found
Refreshing native plugins compatible for Editor in 0.26 ms, found 0 plugins.
Preloading 0 native plugins for Editor in 0.00 ms.
Mono: successfully reloaded assembly
- Completed reload, in  0.641 seconds
Platform modules already initialized, skipping
Refreshing native plugins compatible for Editor in 0.25 ms, found 0 plugins.
Preloading 0 native plugins for Editor in 0.00 ms.
Unloading 1477 Unused Serialized files (Serialized files now loaded: 0)
System memory in use before: 76.8 MB.
System memory in use after: 74.9 MB.

Unloading 31 unused Assets to reduce memory usage. Loaded Objects now: 2048.
Total: 2.618100 ms (FindLiveObjects: 0.171600 ms CreateObjectMapping: 0.044500 ms MarkObjects: 1.230800 ms  DeleteObjects: 1.170100 ms)

========================================================================
Received Prepare
Registering precompiled user dll's ...
Registered in 0.000521 seconds.
Begin MonoManager ReloadAssembly
Native extension for WindowsStandalone target not found
Native extension for WebGL target not found
Refreshing native plugins compatible for Editor in 0.25 ms, found 0 plugins.
Preloading 0 native plugins for Editor in 0.00 ms.
Mono: successfully reloaded assembly
- Completed reload, in  0.626 seconds
Platform modules already initialized, skipping
Refreshing native plugins compatible for Editor in 0.25 ms, found 0 plugins.
Preloading 0 native plugins for Editor in 0.00 ms.
Unloading 1477 Unused Serialized files (Serialized files now loaded: 0)
System memory in use before: 76.8 MB.
System memory in use after: 74.9 MB.

Unloading 30 unused Assets to reduce memory usage. Loaded Objects now: 2051.
Total: 2.620700 ms (FindLiveObjects: 0.173600 ms CreateObjectMapping: 0.048500 ms MarkObjects: 1.258700 ms  DeleteObjects: 1.138700 ms)

========================================================================
Received Import Request.
  Time since last request: 1009.832130 seconds.
  path: Assets/AFPC/Scripts/Overview.cs
  artifactKey: Guid(bce8f132d4c9c4c7ab4f466631207366) Importer(815301076,1909f56bfc062723c751e8b465ee728b)
Start importing Assets/AFPC/Scripts/Overview.cs using Guid(bce8f132d4c9c4c7ab4f466631207366) Importer(815301076,1909f56bfc062723c751e8b465ee728b)  -> (artifact id: 'a4fdbd92b2ea0caac3660593b6ea5b47') in 0.006601 seconds
  Import took 0.008868 seconds .

========================================================================
Received Prepare
Registering precompiled user dll's ...
Registered in 0.000552 seconds.
Begin MonoManager ReloadAssembly
Native extension for WindowsStandalone target not found
Native extension for WebGL target not found
Refreshing native plugins compatible for Editor in 0.25 ms, found 0 plugins.
Preloading 0 native plugins for Editor in 0.00 ms.
Mono: successfully reloaded assembly
- Completed reload, in  0.630 seconds
Platform modules already initialized, skipping
Refreshing native plugins compatible for Editor in 0.24 ms, found 0 plugins.
Preloading 0 native plugins for Editor in 0.00 ms.
Unloading 1477 Unused Serialized files (Serialized files now loaded: 0)
System memory in use before: 76.9 MB.
System memory in use after: 74.9 MB.

Unloading 30 unused Assets to reduce memory usage. Loaded Objects now: 2054.
Total: 2.564500 ms (FindLiveObjects: 0.165300 ms CreateObjectMapping: 0.043900 ms MarkObjects: 1.209600 ms  DeleteObjects: 1.144800 ms)

========================================================================
Received Import Request.
  Time since last request: 63.591117 seconds.
  path: Assets/AFPC/Scripts/Overview.cs
  artifactKey: Guid(bce8f132d4c9c4c7ab4f466631207366) Importer(815301076,1909f56bfc062723c751e8b465ee728b)
Start importing Assets/AFPC/Scripts/Overview.cs using Guid(bce8f132d4c9c4c7ab4f466631207366) Importer(815301076,1909f56bfc062723c751e8b465ee728b)  -> (artifact id: '30dd42cee04b3f37b3a9bda027f61bd6') in 0.004101 seconds
  Import took 0.006489 seconds .

========================================================================
Received Prepare
Registering precompiled user dll's ...
Registered in 0.000597 seconds.
Begin MonoManager ReloadAssembly
Native extension for WindowsStandalone target not found
Native extension for WebGL target not found
Refreshing native plugins compatible for Editor in 0.24 ms, found 0 plugins.
Preloading 0 native plugins for Editor in 0.00 ms.
Mono: successfully reloaded assembly
- Completed reload, in  0.601 seconds
Platform modules already initialized, skipping
Refreshing native plugins compatible for Editor in 0.25 ms, found 0 plugins.
Preloading 0 native plugins for Editor in 0.00 ms.
Unloading 1477 Unused Serialized files (Serialized files now loaded: 0)
System memory in use before: 76.9 MB.
System memory in use after: 74.9 MB.

Unloading 30 unused Assets to reduce memory usage. Loaded Objects now: 2057.
Total: 2.694600 ms (FindLiveObjects: 0.184700 ms CreateObjectMapping: 0.054600 ms MarkObjects: 1.288900 ms  DeleteObjects: 1.165700 ms)

========================================================================
Received Import Request.
  Time since last request: 316.326469 seconds.
  path: Assets/AFPC/Resources/Prefabs
  artifactKey: Guid(13f0aa8f77937483aa99146af99c4a6d) Importer(815301076,1909f56bfc062723c751e8b465ee728b)
Start importing Assets/AFPC/Resources/Prefabs using Guid(13f0aa8f77937483aa99146af99c4a6d) Importer(815301076,1909f56bfc062723c751e8b465ee728b)  -> (artifact id: '9eddc902085b4cbbcfa8b21b11eab874') in 0.009127 seconds
  Import took 0.011607 seconds .

========================================================================
Received Prepare
Registering precompiled user dll's ...
Registered in 0.000497 seconds.
Begin MonoManager ReloadAssembly
Native extension for WindowsStandalone target not found
Native extension for WebGL target not found
Refreshing native plugins compatible for Editor in 0.25 ms, found 0 plugins.
Preloading 0 native plugins for Editor in 0.00 ms.
Mono: successfully reloaded assembly
- Completed reload, in  0.604 seconds
Platform modules already initialized, skipping
Refreshing native plugins compatible for Editor in 0.24 ms, found 0 plugins.
Preloading 0 native plugins for Editor in 0.00 ms.
Unloading 1477 Unused Serialized files (Serialized files now loaded: 0)
System memory in use before: 76.9 MB.
System memory in use after: 74.9 MB.

Unloading 30 unused Assets to reduce memory usage. Loaded Objects now: 2060.
Total: 2.728800 ms (FindLiveObjects: 0.174900 ms CreateObjectMapping: 0.047700 ms MarkObjects: 1.275200 ms  DeleteObjects: 1.229700 ms)

========================================================================
Received Import Request.
  Time since last request: 2140.787781 seconds.
  path: Assets/AFPC/Resources/Materials/T 2.mat
  artifactKey: Guid(ab2b8bc2c4e9d4c4b9534ea8558e0400) Importer(815301076,1909f56bfc062723c751e8b465ee728b)
Start importing Assets/AFPC/Resources/Materials/T 2.mat using Guid(ab2b8bc2c4e9d4c4b9534ea8558e0400) Importer(815301076,1909f56bfc062723c751e8b465ee728b)  -> (artifact id: '6c4c8b1c57da551648e2263ef3c3c013') in 0.045439 seconds
  Import took 0.047599 seconds .

========================================================================
Received Import Request.
  Time since last request: 0.000138 seconds.
  path: Assets/AFPC/Resources/Materials/T 1.mat
  artifactKey: Guid(78655e8444d3c95428d0420d84c4a462) Importer(815301076,1909f56bfc062723c751e8b465ee728b)
Start importing Assets/AFPC/Resources/Materials/T 1.mat using Guid(78655e8444d3c95428d0420d84c4a462) Importer(815301076,1909f56bfc062723c751e8b465ee728b)  -> (artifact id: '1fc17f5f66e8ba204add83e12f41fa22') in 0.007949 seconds
  Import took 0.009970 seconds .

========================================================================
Received Import Request.
  Time since last request: 0.000136 seconds.
  path: Assets/AFPC/Resources/Materials/Skybox.mat
  artifactKey: Guid(fd04d12eb6cdc47f4ae63c19580c11bd) Importer(815301076,1909f56bfc062723c751e8b465ee728b)
Start importing Assets/AFPC/Resources/Materials/Skybox.mat using Guid(fd04d12eb6cdc47f4ae63c19580c11bd) Importer(815301076,1909f56bfc062723c751e8b465ee728b)  -> (artifact id: '75ba2eb40bd43ad8c0526ca96140d884') in 0.009116 seconds
  Import took 0.011143 seconds .

========================================================================
Received Prepare
Registering precompiled user dll's ...
Registered in 0.000484 seconds.
Begin MonoManager ReloadAssembly
Native extension for WindowsStandalone target not found
Native extension for WebGL target not found
Refreshing native plugins compatible for Editor in 0.25 ms, found 0 plugins.
Preloading 0 native plugins for Editor in 0.00 ms.
Mono: successfully reloaded assembly
- Completed reload, in  0.601 seconds
Platform modules already initialized, skipping
Refreshing native plugins compatible for Editor in 0.25 ms, found 0 plugins.
Preloading 0 native plugins for Editor in 0.00 ms.
Unloading 1477 Unused Serialized files (Serialized files now loaded: 0)
System memory in use before: 76.9 MB.
System memory in use after: 75.0 MB.

Unloading 31 unused Assets to reduce memory usage. Loaded Objects now: 2064.
Total: 2.598600 ms (FindLiveObjects: 0.157300 ms CreateObjectMapping: 0.042500 ms MarkObjects: 1.247300 ms  DeleteObjects: 1.150200 ms)

========================================================================
Received Prepare
Registering precompiled user dll's ...
Registered in 0.000569 seconds.
Begin MonoManager ReloadAssembly
Native extension for WindowsStandalone target not found
Native extension for WebGL target not found
Refreshing native plugins compatible for Editor in 0.27 ms, found 0 plugins.
Preloading 0 native plugins for Editor in 0.00 ms.
Mono: successfully reloaded assembly
- Completed reload, in  0.638 seconds
Platform modules already initialized, skipping
Refreshing native plugins compatible for Editor in 0.25 ms, found 0 plugins.
Preloading 0 native plugins for Editor in 0.00 ms.
Unloading 1477 Unused Serialized files (Serialized files now loaded: 0)
System memory in use before: 76.9 MB.
System memory in use after: 75.0 MB.

Unloading 30 unused Assets to reduce memory usage. Loaded Objects now: 2067.
Total: 3.172700 ms (FindLiveObjects: 0.190800 ms CreateObjectMapping: 0.055000 ms MarkObjects: 1.753500 ms  DeleteObjects: 1.171600 ms)

========================================================================
Received Prepare
Registering precompiled user dll's ...
Registered in 0.000627 seconds.
Begin MonoManager ReloadAssembly
Native extension for WindowsStandalone target not found
Native extension for WebGL target not found
Refreshing native plugins compatible for Editor in 0.25 ms, found 0 plugins.
Preloading 0 native plugins for Editor in 0.00 ms.
Mono: successfully reloaded assembly
- Completed reload, in  0.648 seconds
Platform modules already initialized, skipping
Refreshing native plugins compatible for Editor in 0.26 ms, found 0 plugins.
Preloading 0 native plugins for Editor in 0.00 ms.
Unloading 1477 Unused Serialized files (Serialized files now loaded: 0)
System memory in use before: 76.9 MB.
System memory in use after: 75.0 MB.

Unloading 30 unused Assets to reduce memory usage. Loaded Objects now: 2070.
Total: 2.885400 ms (FindLiveObjects: 0.177100 ms CreateObjectMapping: 0.055600 ms MarkObjects: 1.474600 ms  DeleteObjects: 1.176900 ms)

========================================================================
Received Prepare
Registering precompiled user dll's ...
Registered in 0.000464 seconds.
Begin MonoManager ReloadAssembly
Native extension for WindowsStandalone target not found
Native extension for WebGL target not found
Refreshing native plugins compatible for Editor in 0.25 ms, found 0 plugins.
Preloading 0 native plugins for Editor in 0.00 ms.
Mono: successfully reloaded assembly
- Completed reload, in  0.606 seconds
Platform modules already initialized, skipping
Refreshing native plugins compatible for Editor in 0.25 ms, found 0 plugins.
Preloading 0 native plugins for Editor in 0.00 ms.
Unloading 1477 Unused Serialized files (Serialized files now loaded: 0)
System memory in use before: 76.9 MB.
System memory in use after: 75.0 MB.

Unloading 30 unused Assets to reduce memory usage. Loaded Objects now: 2073.
Total: 3.013200 ms (FindLiveObjects: 0.268400 ms CreateObjectMapping: 0.093300 ms MarkObjects: 1.481000 ms  DeleteObjects: 1.169100 ms)

========================================================================
Received Prepare
Registering precompiled user dll's ...
Registered in 0.000466 seconds.
Begin MonoManager ReloadAssembly
Native extension for WindowsStandalone target not found
Native extension for WebGL target not found
Refreshing native plugins compatible for Editor in 0.28 ms, found 0 plugins.
Preloading 0 native plugins for Editor in 0.00 ms.
Mono: successfully reloaded assembly
- Completed reload, in  0.620 seconds
Platform modules already initialized, skipping
Refreshing native plugins compatible for Editor in 0.26 ms, found 0 plugins.
Preloading 0 native plugins for Editor in 0.00 ms.
Unloading 1477 Unused Serialized files (Serialized files now loaded: 0)
System memory in use before: 76.9 MB.
System memory in use after: 75.0 MB.

Unloading 30 unused Assets to reduce memory usage. Loaded Objects now: 2076.
Total: 2.557400 ms (FindLiveObjects: 0.161800 ms CreateObjectMapping: 0.045800 ms MarkObjects: 1.218700 ms  DeleteObjects: 1.130200 ms)

AssetImportWorkerClient::OnTransportError - code=2 error=End of file
